D:\a\clonar-dc\clonar-dc\src\ClonarDC.Desktop\MainWindow.Update.cs(30,9): error CS0103: The name 'CheckUpdatesButton' does not exist in the current context [D:\a\clonar-dc\clonar-dc\src\ClonarDC.Desktop\ClonarDC.Desktop.csproj]
D:\a\clonar-dc\clonar-dc\src\ClonarDC.Desktop\MainWindow.Update.cs(31,9): error CS0103: The name 'UpdateStatusText' does not exist in the current context [D:\a\clonar-dc\clonar-dc\src\ClonarDC.Desktop\ClonarDC.Desktop.csproj]
D:\a\clonar-dc\clonar-dc\src\ClonarDC.Desktop\MainWindow.Update.cs(38,17): error CS0103: The name 'UpdateStatusText' does not exist in the current context [D:\a\clonar-dc\clonar-dc\src\ClonarDC.Desktop\ClonarDC.Desktop.csproj]
D:\a\clonar-dc\clonar-dc\src\ClonarDC.Desktop\MainWindow.Update.cs(44,13): error CS0103: The name 'UpdateStatusText' does not exist in the current context [D:\a\clonar-dc\clonar-dc\src\ClonarDC.Desktop\ClonarDC.Desktop.csproj]
D:\a\clonar-dc\clonar-dc\src\ClonarDC.Desktop\MainWindow.Update.cs(55,17): error CS0103: The name 'UpdateStatusText' does not exist in the current context [D:\a\clonar-dc\clonar-dc\src\ClonarDC.Desktop\ClonarDC.Desktop.csproj]
D:\a\clonar-dc\clonar-dc\src\ClonarDC.Desktop\MainWindow.Update.cs(59,13): error CS0103: The name 'UpdateStatusText' does not exist in the current context [D:\a\clonar-dc\clonar-dc\src\ClonarDC.Desktop\ClonarDC.Desktop.csproj]
D:\a\clonar-dc\clonar-dc\src\ClonarDC.Desktop\MainWindow.Update.cs(65,13): error CS0103: The name 'UpdateStatusText' does not exist in the current context [D:\a\clonar-dc\clonar-dc\src\ClonarDC.Desktop\ClonarDC.Desktop.csproj]
D:\a\clonar-dc\clonar-dc\src\ClonarDC.Desktop\MainWindow.Update.cs(69,13): error CS0103: The name 'UpdateStatusText' does not exist in the current context [D:\a\clonar-dc\clonar-dc\src\ClonarDC.Desktop\ClonarDC.Desktop.csproj]
D:\a\clonar-dc\clonar-dc\src\ClonarDC.Desktop\MainWindow.Update.cs(71,33): error CS0103: The name 'UpdateStatusText' does not exist in the current context [D:\a\clonar-dc\clonar-dc\src\ClonarDC.Desktop\ClonarDC.Desktop.csproj]
D:\a\clonar-dc\clonar-dc\src\ClonarDC.Desktop\MainWindow.Update.cs(75,13): error CS0103: The name 'CheckUpdatesButton' does not exist in the current context [D:\a\clonar-dc\clonar-dc\src\ClonarDC.Desktop\ClonarDC.Desktop.csproj]

Build FAILED.

D:\a\clonar-dc\clonar-dc\src\ClonarDC.Desktop\MainWindow.Update.cs(30,9): error CS0103: The name 'CheckUpdatesButton' does not exist in the current context [D:\a\clonar-dc\clonar-dc\src\ClonarDC.Desktop\ClonarDC.Desktop.csproj]
D:\a\clonar-dc\clonar-dc\src\ClonarDC.Desktop\MainWindow.Update.cs(31,9): error CS0103: The name 'UpdateStatusText' does not exist in the current context [D:\a\clonar-dc\clonar-dc\src\ClonarDC.Desktop\ClonarDC.Desktop.csproj]
D:\a\clonar-dc\clonar-dc\src\ClonarDC.Desktop\MainWindow.Update.cs(38,17): error CS0103: The name 'UpdateStatusText' does not exist in the current context [D:\a\clonar-dc\clonar-dc\src\ClonarDC.Desktop\ClonarDC.Desktop.csproj]
D:\a\clonar-dc\clonar-dc\src\ClonarDC.Desktop\MainWindow.Update.cs(44,13): error CS0103: The name 'UpdateStatusText' does not exist in the current context [D:\a\clonar-dc\clonar-dc\src\ClonarDC.Desktop\ClonarDC.Desktop.csproj]
D:\a\clonar-dc\clonar-dc\src\ClonarDC.Desktop\MainWindow.Update.cs(55,17): error CS0103: The name 'UpdateStatusText' does not exist in the current context [D:\a\clonar-dc\clonar-dc\src\ClonarDC.Desktop\ClonarDC.Desktop.csproj]
D:\a\clonar-dc\clonar-dc\src\ClonarDC.Desktop\MainWindow.Update.cs(59,13): error CS0103: The name 'UpdateStatusText' does not exist in the current context [D:\a\clonar-dc\clonar-dc\src\ClonarDC.Desktop\ClonarDC.Desktop.csproj]
D:\a\clonar-dc\clonar-dc\src\ClonarDC.Desktop\MainWindow.Update.cs(65,13): error CS0103: The name 'UpdateStatusText' does not exist in the current context [D:\a\clonar-dc\clonar-dc\src\ClonarDC.Desktop\ClonarDC.Desktop.csproj]
D:\a\clonar-dc\clonar-dc\src\ClonarDC.Desktop\MainWindow.Update.cs(69,13): error CS0103: The name 'UpdateStatusText' does not exist in the current context [D:\a\clonar-dc\clonar-dc\src\ClonarDC.Desktop\ClonarDC.Desktop.csproj]
D:\a\clonar-dc\clonar-dc\src\ClonarDC.Desktop\MainWindow.Update.cs(71,33): error CS0103: The name 'UpdateStatusText' does not exist in the current context [D:\a\clonar-dc\clonar-dc\src\ClonarDC.Desktop\ClonarDC.Desktop.csproj]
D:\a\clonar-dc\clonar-dc\src\ClonarDC.Desktop\MainWindow.Update.cs(75,13): error CS0103: The name 'CheckUpdatesButton' does not exist in the current context [D:\a\clonar-dc\clonar-dc\src\ClonarDC.Desktop\ClonarDC.Desktop.csproj]
    0 Warning(s)
    10 Error(s)

Time Elapsed 00:00:02.90
